<?xml version="1.0" encoding="UTF-8"?>
<!-- Generated by org.testng.reporters.JUnitReportReporter -->
<testsuite hostname="sanket" failures="0" tests="5" name="qa.test.TestLogin" time="4.383" errors="0" timestamp="2024-09-15T12:17:06 IST" skipped="0">
  <testcase classname="qa.test.TestLogin" name="Login" time="0.961"/>
  <system-out/>
  <testcase classname="qa.test.TestLogin" name="Login" time="0.803"/>
  <system-out/>
  <testcase classname="qa.test.TestLogin" name="checkUrl" time="0.650"/>
  <system-out/>
  <testcase classname="qa.test.TestLogin" name="Login" time="1.151"/>
  <system-out/>
  <testcase classname="qa.test.TestLogin" name="Login" time="0.818"/>
  <system-out/>
</testsuite> <!-- qa.test.TestLogin -->
